{
  "RSpec": {
    "coverage": {
      "/home/roger/Documents/paraiba-surfing-graphql-api/spec/models/break_floor_spec.rb": [
        null,
        null,
        1,
        null,
        1,
        2,
        2,
        null
      ],
      "/home/roger/Documents/paraiba-surfing-graphql-api/spec/rails_helper.rb": [
        null,
        null,
        null,
        1,
        1,
        1,
        null,
        1,
        1,
        null,
        null,
        null,
        null,
        null,
        null,
        null,
        null,
        null,
        null,
        null,
        null,
        null,
        null,
        null,
        null,
        null,
        null,
        null,
        null,
        1,
        null,
        0,
        null,
        null,
        1,
        1,
        1,
        1,
        null,
        null,
        null,
        1,
        null,
        1,
        null,
        null,
        null,
        null,
        1,
        null,
        null,
        null,
        null,
        null,
        null,
        null,
        null,
        null,
        null,
        null,
        null,
        null,
        null,
        null,
        null,
        null,
        1,
        null,
        null,
        1,
        null,
        null,
        null
      ],
      "/home/roger/Documents/paraiba-surfing-graphql-api/config/environment.rb": [
        null,
        null,
        null,
        1,
        null,
        null,
        1
      ],
      "/home/roger/Documents/paraiba-surfing-graphql-api/config/application.rb": [
        null,
        null,
        1,
        null,
        1,
        null,
        1,
        1,
        1,
        1,
        1,
        1,
        1,
        1,
        1,
        1,
        1,
        1,
        null,
        null,
        null,
        1,
        null,
        null,
        1,
        null,
        1,
        null,
        1,
        null,
        null,
        null,
        null,
        null,
        null,
        null,
        null,
        null,
        null,
        null,
        null,
        1,
        null,
        null
      ],
      "/home/roger/Documents/paraiba-surfing-graphql-api/config/boot.rb": [
        null,
        null,
        1,
        null,
        1,
        1
      ],
      "/home/roger/Documents/paraiba-surfing-graphql-api/config/environments/test.rb": [
        null,
        null,
        1,
        null,
        null,
        null,
        null,
        null,
        null,
        1,
        null,
        null,
        1,
        1,
        null,
        null,
        null,
        null,
        1,
        null,
        null,
        1,
        1,
        null,
        null,
        null,
        null,
        1,
        1,
        1,
        null,
        null,
        1,
        null,
        null,
        1,
        null,
        null,
        1,
        null,
        1,
        null,
        null,
        null,
        null,
        1,
        null,
        null,
        1,
        null,
        null,
        1,
        null,
        null,
        1,
        null,
        null,
        null,
        null,
        null,
        null,
        null
      ],
      "/home/roger/Documents/paraiba-surfing-graphql-api/config/initializers/application_controller_renderer.rb": [
        null,
        null,
        null,
        null,
        null,
        null,
        null,
        null,
        null
      ],
      "/home/roger/Documents/paraiba-surfing-graphql-api/config/initializers/backtrace_silencers.rb": [
        null,
        null,
        null,
        null,
        null,
        null,
        null,
        null,
        null,
        1
      ],
      "/home/roger/Documents/paraiba-surfing-graphql-api/config/initializers/cors.rb": [
        null,
        null,
        null,
        null,
        null,
        null,
        null,
        null,
        null,
        null,
        null,
        null,
        null,
        null,
        null,
        null,
        null
      ],
      "/home/roger/Documents/paraiba-surfing-graphql-api/config/initializers/filter_parameter_logging.rb": [
        null,
        null,
        null,
        null,
        null,
        1,
        null,
        null
      ],
      "/home/roger/Documents/paraiba-surfing-graphql-api/config/initializers/inflections.rb": [
        null,
        null,
        null,
        null,
        null,
        null,
        null,
        null,
        null,
        null,
        null,
        null,
        null,
        null,
        null,
        null,
        null
      ],
      "/home/roger/Documents/paraiba-surfing-graphql-api/config/initializers/mime_types.rb": [
        null,
        null,
        null,
        null,
        null
      ],
      "/home/roger/Documents/paraiba-surfing-graphql-api/config/initializers/wrap_parameters.rb": [
        null,
        null,
        null,
        null,
        null,
        null,
        null,
        null,
        1,
        1,
        null,
        null,
        null,
        null,
        null,
        null
      ],
      "/home/roger/Documents/paraiba-surfing-graphql-api/config/routes.rb": [
        null,
        null,
        1,
        1,
        1,
        null,
        null
      ],
      "/home/roger/Documents/paraiba-surfing-graphql-api/app/models/break_floor.rb": [
        null,
        null,
        1,
        1,
        1,
        null,
        1,
        null
      ],
      "/home/roger/Documents/paraiba-surfing-graphql-api/app/models/application_record.rb": [
        null,
        null,
        null,
        1,
        1,
        null
      ],
      "/home/roger/Documents/paraiba-surfing-graphql-api/spec/models/break_season_spec.rb": [
        null,
        null,
        1,
        null,
        1,
        2,
        2,
        null
      ],
      "/home/roger/Documents/paraiba-surfing-graphql-api/app/models/break_season.rb": [
        null,
        null,
        1,
        1,
        1,
        null,
        1,
        null
      ],
      "/home/roger/Documents/paraiba-surfing-graphql-api/spec/models/break_spec.rb": [
        null,
        null,
        1,
        null,
        1,
        2,
        null,
        2,
        2,
        2,
        2,
        2,
        null
      ],
      "/home/roger/Documents/paraiba-surfing-graphql-api/app/models/break.rb": [
        null,
        null,
        1,
        1,
        null,
        1,
        1,
        null,
        1,
        1,
        null,
        1,
        1,
        null,
        1,
        1,
        null,
        1,
        1,
        null,
        1,
        null
      ],
      "/home/roger/Documents/paraiba-surfing-graphql-api/spec/models/break_swell_spec.rb": [
        null,
        null,
        1,
        null,
        1,
        2,
        2,
        null
      ],
      "/home/roger/Documents/paraiba-surfing-graphql-api/app/models/break_swell.rb": [
        null,
        null,
        1,
        1,
        1,
        null,
        1,
        null
      ],
      "/home/roger/Documents/paraiba-surfing-graphql-api/spec/models/break_tide_spec.rb": [
        null,
        null,
        1,
        null,
        1,
        2,
        2,
        null
      ],
      "/home/roger/Documents/paraiba-surfing-graphql-api/app/models/break_tide.rb": [
        null,
        null,
        1,
        1,
        1,
        null,
        1,
        null
      ],
      "/home/roger/Documents/paraiba-surfing-graphql-api/spec/models/break_wind_spec.rb": [
        null,
        null,
        1,
        null,
        1,
        2,
        2,
        null
      ],
      "/home/roger/Documents/paraiba-surfing-graphql-api/app/models/break_wind.rb": [
        null,
        null,
        1,
        1,
        1,
        null,
        1,
        null
      ],
      "/home/roger/Documents/paraiba-surfing-graphql-api/spec/models/city_spec.rb": [
        null,
        null,
        1,
        null,
        1,
        2,
        2,
        null
      ],
      "/home/roger/Documents/paraiba-surfing-graphql-api/app/models/city.rb": [
        null,
        null,
        1,
        1,
        null,
        1,
        null,
        1,
        null
      ],
      "/home/roger/Documents/paraiba-surfing-graphql-api/spec/models/floor_spec.rb": [
        null,
        null,
        1,
        null,
        1,
        2,
        null
      ],
      "/home/roger/Documents/paraiba-surfing-graphql-api/app/models/floor.rb": [
        null,
        null,
        1,
        1,
        null,
        1,
        null
      ],
      "/home/roger/Documents/paraiba-surfing-graphql-api/spec/models/region_spec.rb": [
        null,
        null,
        1,
        null,
        1,
        2,
        null
      ],
      "/home/roger/Documents/paraiba-surfing-graphql-api/app/models/region.rb": [
        null,
        null,
        1,
        1,
        null,
        1,
        null
      ],
      "/home/roger/Documents/paraiba-surfing-graphql-api/spec/models/season_spec.rb": [
        null,
        null,
        1,
        null,
        1,
        2,
        null
      ],
      "/home/roger/Documents/paraiba-surfing-graphql-api/app/models/season.rb": [
        null,
        null,
        1,
        1,
        null,
        1,
        null
      ],
      "/home/roger/Documents/paraiba-surfing-graphql-api/spec/models/swell_spec.rb": [
        null,
        null,
        1,
        null,
        1,
        2,
        null
      ],
      "/home/roger/Documents/paraiba-surfing-graphql-api/app/models/swell.rb": [
        null,
        null,
        1,
        1,
        null,
        1,
        null
      ],
      "/home/roger/Documents/paraiba-surfing-graphql-api/spec/models/tide_spec.rb": [
        null,
        null,
        1,
        null,
        1,
        2,
        null
      ],
      "/home/roger/Documents/paraiba-surfing-graphql-api/app/models/tide.rb": [
        null,
        null,
        1,
        1,
        null,
        1,
        null
      ],
      "/home/roger/Documents/paraiba-surfing-graphql-api/spec/models/wind_spec.rb": [
        null,
        null,
        1,
        null,
        1,
        2,
        null
      ],
      "/home/roger/Documents/paraiba-surfing-graphql-api/app/models/wind.rb": [
        null,
        null,
        1,
        1,
        null,
        1,
        null
      ]
    },
    "timestamp": 1645960947
  }
}
